<?xml version="1.0" encoding="UTF-8"?>
<!-- Generated by org.testng.reporters.JUnitReportReporter -->
<testsuite hostname="Maheshs-MacBook-Air-2.local" failures="0" tests="1" name="com.amazon.qa.test.AmazonTest" time="42.802" errors="0" timestamp="2019-12-02T01:18:14 IST" skipped="0">
  <testcase classname="com.amazon.qa.test.AmazonTest" name="launchAppliation" time="42.802"/>
</testsuite> <!-- com.amazon.qa.test.AmazonTest -->
